[17Dec2024 00:27:25.851] [Server thread/INFO] [net.minecraft.server.MinecraftServer/]: Kazuruki has made the advancement [Enchanter]
[17Dec2024 00:27:25.857] [Server thread/INFO] [net.minecraft.server.MinecraftServer/]: Kazuruki has reached the goal [Mastering Hell and Sea]
[17Dec2024 00:27:25.857] [Server thread/INFO] [net.minecraft.server.MinecraftServer/]: Kazuruki has made the advancement [The Basics]
[17Dec2024 00:27:25.858] [Server thread/INFO] [net.minecraft.server.MinecraftServer/]: Kazuruki has made the advancement [Begone, Flux]
[17Dec2024 00:32:14.240] [Server thread/INFO] [net.minecraft.server.MinecraftServer/]: [Kazuruki: Set own game mode to Survival Mode]
[17Dec2024 00:36:58.353] [Server thread/INFO] [net.minecraft.server.MinecraftServer/]: [Kazuruki: Gave 1 [Text Projector] to Kazuruki]
[17Dec2024 00:39:17.219] [Server thread/INFO] [net.minecraft.server.MinecraftServer/]: [Kazuruki: Teleported Kazuruki to -606.500000, 70.500000, -4747.500000]
[17Dec2024 00:39:30.466] [Server thread/INFO] [net.minecraft.server.MinecraftServer/]: [Kazuruki: Teleported Kazuruki to -609.500000, 70.500000, -4747.500000]
[17Dec2024 00:39:49.236] [Server thread/INFO] [net.minecraft.server.MinecraftServer/]: [Kazuruki: Set the time to 13000]
[17Dec2024 00:41:01.391] [Server thread/INFO] [net.minecraft.world.entity.LivingEntity/]: Named entity Skeleton['The Honorable Chasity the Mighty'/10686, l='ServerLevel[world]', x=-566.10, y=69.00, z=-4817.09] died: The Honorable Chasity the Mighty was slain by Kazuruki using [Moonlight Edge]
[17Dec2024 00:44:33.538] [Server thread/INFO] [net.minecraft.world.entity.LivingEntity/]: Named entity Skeleton['Donald the Superior'/11995, l='ServerLevel[world]', x=-564.83, y=66.00, z=-4769.86] died: Donald the Superior was slain by Kazuruki
[17Dec2024 00:44:34.035] [Server thread/INFO] [net.minecraft.server.MinecraftServer/]: Kazuruki has completed the challenge [He Wasn't So Strong]
[17Dec2024 00:46:26.089] [Server thread/WARN] [net.minecraft.world.level.storage.loot.functions.SmeltItemFunction/]: Couldn't smelt 2 bison_fur because there is no smelting recipe
[17Dec2024 00:49:27.363] [Server thread/WARN] [net.minecraft.server.network.ServerGamePacketListenerImpl/]: Kazuruki moved wrongly!
[17Dec2024 00:50:06.396] [Server thread/WARN] [net.minecraft.server.network.ServerGamePacketListenerImpl/]: Kazuruki moved too quickly! -8.627856799421352E-4,-11.445103380700218,-5.911421631026315E-4
[17Dec2024 00:50:16.548] [Server thread/INFO] [net.minecraft.server.MinecraftServer/]: [Kazuruki: Teleported Kazuruki to 348.500000, -52.500000, -3644.500000]
[17Dec2024 00:57:00.139] [Server thread/INFO] [net.minecraft.server.MinecraftServer/]: [Kazuruki: Set own game mode to Creative Mode]
[17Dec2024 00:58:17.711] [Server thread/INFO] [net.minecraft.server.MinecraftServer/]: [Kazuruki: Set own game mode to Survival Mode]
[17Dec2024 00:58:57.103] [Server thread/INFO] [net.minecraft.server.MinecraftServer/]: [Kazuruki: Gave 1 [Universal Block Remover] to Kazuruki]
[17Dec2024 01:01:39.405] [Server thread/WARN] [net.minecraft.server.level.ServerPlayerGameMode/]: Mismatch in destroy block pos: BlockPos{x=362, y=-54, z=-3655} BlockPos{x=361, y=-54, z=-3655}
[17Dec2024 01:01:39.492] [Server thread/WARN] [net.minecraft.server.level.ServerPlayerGameMode/]: Mismatch in destroy block pos: BlockPos{x=362, y=-54, z=-3655} BlockPos{x=361, y=-54, z=-3655}
[17Dec2024 01:03:18.145] [Server thread/INFO] [net.minecraft.server.MinecraftServer/]: [Kazuruki: Set own game mode to Spectator Mode]
[17Dec2024 01:03:23.237] [Server thread/INFO] [net.minecraft.server.MinecraftServer/]: [Kazuruki: Set own game mode to Creative Mode]
[17Dec2024 01:12:38.839] [Server thread/INFO] [net.minecraft.server.MinecraftServer/]: [Kazuruki: Set own game mode to Survival Mode]
[17Dec2024 01:17:05.550] [Server thread/INFO] [net.minecraft.server.MinecraftServer/]: [Kazuruki: Set own game mode to Creative Mode]
[17Dec2024 01:23:58.747] [Server thread/INFO] [net.minecraft.server.MinecraftServer/]: [Kazuruki: Set own game mode to Survival Mode]
[17Dec2024 01:25:50.289] [Server thread/INFO] [net.minecraft.server.MinecraftServer/]: [Kazuruki: Set own game mode to Creative Mode]
[17Dec2024 01:25:59.490] [Server thread/INFO] [net.minecraft.server.MinecraftServer/]: [Kazuruki: Set own game mode to Survival Mode]
[17Dec2024 01:27:19.699] [Server thread/INFO] [net.minecraft.server.MinecraftServer/]: [Kazuruki: Set own game mode to Creative Mode]
[17Dec2024 01:27:28.318] [Server thread/INFO] [net.minecraft.server.MinecraftServer/]: [Kazuruki: Set own game mode to Survival Mode]
[17Dec2024 01:30:24.918] [Server thread/INFO] [net.minecraft.server.MinecraftServer/]: [Kazuruki: Set own game mode to Creative Mode]
[17Dec2024 01:31:51.046] [Server thread/INFO] [net.minecraft.server.players.PlayerList/]: Graniter82a[/172.30.89.163:59323] logged in with entity id 20922 at (69.84387456590812, 102.0, -5304.856447554286)
[17Dec2024 01:31:51.127] [Server thread/INFO] [net.minecraft.server.MinecraftServer/]: Graniter82a joined the game
[17Dec2024 01:31:59.951] [Server thread/INFO] [net.minecraft.server.MinecraftServer/]: [Kazuruki: Set own game mode to Survival Mode]
[17Dec2024 01:32:10.855] [Server thread/INFO] [net.minecraft.server.MinecraftServer/]: [Kazuruki: Gave 1 [Creeper Seeds] to Kazuruki]
[17Dec2024 01:32:12.110] [Server thread/INFO] [net.minecraft.server.MinecraftServer/]: [Kazuruki: Gave 1 [Creeper Seeds] to Kazuruki]
[17Dec2024 01:33:28.009] [Server thread/INFO] [net.minecraft.server.MinecraftServer/]: [Kazuruki: Set own game mode to Creative Mode]
[17Dec2024 01:33:50.307] [Server thread/INFO] [net.minecraft.server.MinecraftServer/]: [Kazuruki: Set own game mode to Survival Mode]
[17Dec2024 01:34:05.618] [Server thread/INFO] [net.minecraft.server.players.PlayerList/]: Sanity15[/172.30.33.100:60634] logged in with entity id 21636 at (-615.4276666926032, 79.0, -4747.191976792617)
[17Dec2024 01:34:05.663] [Server thread/INFO] [net.minecraft.server.MinecraftServer/]: Sanity15 joined the game
[17Dec2024 01:34:30.056] [Server thread/INFO] [net.minecraft.server.MinecraftServer/]: [Kazuruki: Gave 1 [Soul Jar] to Kazuruki]
[17Dec2024 01:35:14.906] [Server thread/INFO] [net.minecraft.server.MinecraftServer/]: [Graniter82a: Teleported Graniter82a to 34.500000, 64.500000, -5193.500000]
[17Dec2024 01:35:19.992] [Server thread/INFO] [net.minecraft.server.MinecraftServer/]: [Kazuruki: Teleported Kazuruki to Graniter82a]
[17Dec2024 01:35:57.621] [Server thread/INFO] [net.minecraft.server.MinecraftServer/]: [Kazuruki: Teleported Kazuruki to 348.500000, -52.500000, -3644.500000]
[17Dec2024 01:36:01.227] [Server thread/INFO] [net.minecraft.server.MinecraftServer/]: [Graniter82a: Teleported Graniter82a to 71.500000, 102.500000, -5307.500000]
[17Dec2024 01:36:33.719] [Server thread/WARN] [net.minecraft.server.level.ServerPlayerGameMode/]: Mismatch in destroy block pos: BlockPos{x=-573, y=68, z=-4731} BlockPos{x=-575, y=66, z=-4729}
[17Dec2024 01:37:04.705] [Server thread/INFO] [net.minecraft.server.MinecraftServer/]: [Graniter82a: Teleported Graniter82a to Sanity15]
[17Dec2024 01:37:27.646] [Server thread/INFO] [net.minecraft.server.MinecraftServer/]: [Kazuruki: Set own game mode to Spectator Mode]
[17Dec2024 01:37:35.155] [Server thread/INFO] [net.minecraft.server.MinecraftServer/]: [Kazuruki: Set own game mode to Survival Mode]
[17Dec2024 01:39:23.776] [Server thread/INFO] [net.minecraft.server.MinecraftServer/]: [Graniter82a: Teleported Graniter82a to 71.500000, 102.500000, -5307.500000]
[17Dec2024 01:40:06.569] [Server thread/INFO] [net.minecraft.server.MinecraftServer/]: [Graniter82a: Set own game mode to Creative Mode]
[17Dec2024 01:40:28.350] [Server thread/INFO] [net.minecraft.world.entity.npc.Villager/]: Villager Villager['Fisherman'/27629, l='ServerLevel[world]', x=85.85, y=63.00, z=-5252.48] died, message: 'Fisherman was slain by Zombie'
[17Dec2024 01:40:55.097] [Server thread/INFO] [net.minecraft.world.entity.npc.Villager/]: Villager Villager['Villager'/27564, l='ServerLevel[world]', x=76.13, y=63.00, z=-5257.57] died, message: 'Villager was slain by Zombie'
[17Dec2024 01:41:18.679] [Server thread/INFO] [net.minecraft.server.MinecraftServer/]: Kazuruki has made the advancement [Junior Summoner]
[17Dec2024 01:41:48.561] [Server thread/INFO] [net.minecraft.server.MinecraftServer/]: [Graniter82a: Set own game mode to Survival Mode]
[17Dec2024 01:41:57.346] [Server thread/INFO] [net.minecraft.server.MinecraftServer/]: [Graniter82a: Gave 1 [Sugar Cane] to Graniter82a]
[17Dec2024 01:42:58.266] [Server thread/INFO] [net.minecraft.server.MinecraftServer/]: [Graniter82a: Set own game mode to Creative Mode]
[17Dec2024 01:43:09.557] [Server thread/INFO] [net.minecraft.server.MinecraftServer/]: Sanity15 is bleeding. Sanity15 was slain by Berserker
[17Dec2024 01:43:33.629] [Server thread/INFO] [net.minecraft.server.MinecraftServer/]: [Kazuruki: Teleported Kazuruki to Sanity15]
[17Dec2024 01:44:07.850] [Server thread/INFO] [net.minecraft.server.MinecraftServer/]: [Graniter82a: Set own game mode to Survival Mode]
[17Dec2024 01:44:48.203] [Server thread/INFO] [net.minecraft.server.MinecraftServer/]: [Graniter82a: Teleported Graniter82a to 34.500000, 64.500000, -5193.500000]
[17Dec2024 01:45:16.869] [Server thread/INFO] [net.minecraft.server.MinecraftServer/]: Kazuruki has made the advancement [Double Trouble]
[17Dec2024 01:45:19.018] [Server thread/INFO] [net.minecraft.server.MinecraftServer/]: Graniter82a has reached the goal [Pray to the Goddess]
[17Dec2024 01:45:51.604] [Server thread/WARN] [net.minecraft.server.network.ServerGamePacketListenerImpl/]: Kazuruki moved too quickly! 6.619227682449491E-4,-10.560868942185877,5.042430038884049E-4
[17Dec2024 01:46:26.607] [Server thread/INFO] [net.minecraft.world.entity.npc.Villager/]: Villager Villager['Villager'/28787, l='ServerLevel[world]', x=42.70, y=63.00, z=-5229.51] died, message: 'Villager was slain by Zombie'
[17Dec2024 01:46:28.789] [Server thread/INFO] [net.minecraft.server.MinecraftServer/]: Sanity15 is bleeding. Sanity15 was slain by Bloody Gadfly
[17Dec2024 01:46:45.152] [Server thread/INFO] [net.minecraft.server.MinecraftServer/]: Sanity15 is bleeding. Sanity15 was shot by Skeleton
[17Dec2024 01:46:46.950] [Server thread/INFO] [net.minecraft.server.MinecraftServer/]: Sanity15 is bleeding. Sanity15 was shot by Skeleton
[17Dec2024 01:46:55.293] [Server thread/INFO] [net.minecraft.world.entity.npc.Villager/]: Villager Villager['Villager'/27626, l='ServerLevel[world]', x=42.70, y=63.00, z=-5230.03] died, message: 'Villager was slain by Zombie Villager'
[17Dec2024 01:46:55.357] [Server thread/INFO] [net.minecraft.server.MinecraftServer/]: Sanity15 is bleeding. Sanity15 drowned
[17Dec2024 01:47:04.494] [Server thread/INFO] [net.minecraft.server.players.PlayerList/]: Chik3nBl4ck[/172.30.82.34:54586] logged in with entity id 33628 at (3378.31893477031, 28.0, 2261.5899133230923)
[17Dec2024 01:47:04.521] [Server thread/INFO] [net.minecraft.server.MinecraftServer/]: Chik3nBl4ck joined the game
[17Dec2024 01:47:05.645] [Server thread/INFO] [net.minecraft.world.entity.npc.Villager/]: Villager Villager['Villager'/33365, l='ServerLevel[world]', x=42.70, y=63.00, z=-5229.51] died, message: 'Villager was slain by Zombie Villager'
[17Dec2024 01:47:31.134] [Server thread/INFO] [net.minecraft.server.MinecraftServer/]: [Graniter82a: Teleported Graniter82a to 71.500000, 102.500000, -5307.500000]
[17Dec2024 01:47:45.639] [Server thread/WARN] [net.minecraft.server.MinecraftServer/]: Can't keep up! Is the server overloaded? Running 2017ms or 40 ticks behind
[17Dec2024 01:48:05.109] [Server thread/INFO] [net.minecraft.server.MinecraftServer/]: [Graniter82a: Teleported Graniter82a to 34.500000, 64.500000, -5193.500000]
[17Dec2024 01:48:06.425] [Server thread/WARN] [net.minecraft.server.MinecraftServer/]: Can't keep up! Is the server overloaded? Running 2003ms or 40 ticks behind
[17Dec2024 01:48:16.295] [Server thread/INFO] [net.minecraft.server.MinecraftServer/]: [Graniter82a: Teleported Graniter82a to 71.500000, 102.500000, -5307.500000]
[17Dec2024 01:48:23.862] [Server thread/WARN] [net.minecraft.server.MinecraftServer/]: Can't keep up! Is the server overloaded? Running 2440ms or 48 ticks behind
[17Dec2024 01:48:41.122] [Server thread/WARN] [net.minecraft.server.MinecraftServer/]: Can't keep up! Is the server overloaded? Running 2300ms or 46 ticks behind
[17Dec2024 01:49:02.212] [Server thread/WARN] [net.minecraft.server.MinecraftServer/]: Can't keep up! Is the server overloaded? Running 6090ms or 121 ticks behind
[17Dec2024 01:49:02.629] [Server thread/INFO] [net.minecraft.server.MinecraftServer/]: Sanity15 is bleeding. Sanity15 was slain by successor
[17Dec2024 01:49:19.263] [Server thread/WARN] [net.minecraft.server.MinecraftServer/]: Can't keep up! Is the server overloaded? Running 2091ms or 41 ticks behind
[17Dec2024 01:49:51.973] [Server thread/WARN] [net.minecraft.server.MinecraftServer/]: Can't keep up! Is the server overloaded? Running 2001ms or 40 ticks behind
[17Dec2024 01:50:11.423] [Server thread/WARN] [net.minecraft.server.MinecraftServer/]: Can't keep up! Is the server overloaded? Running 2001ms or 40 ticks behind
[17Dec2024 01:50:11.780] [Server thread/INFO] [net.minecraft.server.network.ServerGamePacketListenerImpl/]: Chik3nBl4ck lost connection: Disconnected
[17Dec2024 01:50:11.781] [Server thread/INFO] [net.minecraft.server.MinecraftServer/]: Chik3nBl4ck left the game
[17Dec2024 01:50:58.317] [Server thread/INFO] [net.minecraft.server.MinecraftServer/]: [Kazuruki: Teleported Kazuruki to Sanity15]
[17Dec2024 01:51:03.297] [Server thread/INFO] [net.minecraft.server.MinecraftServer/]: [Graniter82a: Teleported Graniter82a to Sanity15]
[17Dec2024 01:51:32.243] [Server thread/INFO] [net.minecraft.server.MinecraftServer/]: Graniter82a is bleeding. Graniter82a was burnt to a crisp whilst fighting Kazuruki
[17Dec2024 01:51:34.883] [Server thread/WARN] [net.minecraft.server.MinecraftServer/]: Can't keep up! Is the server overloaded? Running 2211ms or 44 ticks behind
[17Dec2024 01:51:56.337] [Server thread/INFO] [net.minecraft.server.MinecraftServer/]: Kazuruki is bleeding. Kazuruki was obliterated by a sonically-charged shriek whilst trying to escape Graniter82a
[17Dec2024 01:51:58.350] [Server thread/INFO] [net.minecraft.server.MinecraftServer/]: Kazuruki was obliterated by a sonically-charged shriek whilst trying to escape Graniter82a
[17Dec2024 01:52:02.100] [Server thread/INFO] [net.minecraft.server.MinecraftServer/]: [Kazuruki: Teleported Kazuruki to -640.500000, 69.500000, -4897.500000]
[17Dec2024 01:52:56.248] [Server thread/INFO] [net.minecraft.server.MinecraftServer/]: [Graniter82a: Teleported Graniter82a to Kazuruki]
[17Dec2024 01:52:58.358] [Server thread/INFO] [net.minecraft.server.MinecraftServer/]: [Graniter82a: Teleported Graniter82a to Sanity15]
[17Dec2024 01:53:00.093] [Server thread/INFO] [net.minecraft.server.MinecraftServer/]: Sanity15 is bleeding. Sanity15 was shot by Graniter82a
[17Dec2024 01:53:00.292] [Server thread/INFO] [net.minecraft.server.MinecraftServer/]: [Kazuruki: Teleported Kazuruki to Graniter82a]
[17Dec2024 01:53:03.156] [Server thread/INFO] [net.minecraft.server.MinecraftServer/]: [Kazuruki: Teleported Kazuruki to Sanity15]
[17Dec2024 01:53:05.741] [Server thread/INFO] [net.minecraft.server.MinecraftServer/]: Kazuruki is bleeding. Kazuruki was shot by Graniter82a
[17Dec2024 01:53:07.311] [Server thread/INFO] [net.minecraft.server.MinecraftServer/]: [Kazuruki: Teleported Kazuruki to Sanity15]
[17Dec2024 01:53:14.941] [Server thread/INFO] [net.minecraft.server.MinecraftServer/]: Graniter82a is bleeding. Graniter82a was slain by Kazuruki
[17Dec2024 01:53:20.191] [Server thread/INFO] [net.minecraft.server.MinecraftServer/]: Graniter82a is bleeding. Graniter82a was obliterated by Kazuruki
[17Dec2024 01:53:33.887] [Server thread/INFO] [net.minecraft.server.MinecraftServer/]: Sanity15 is bleeding. Sanity15 was burnt to a crisp whilst fighting Kazuruki
[17Dec2024 01:53:37.896] [Server thread/INFO] [net.minecraft.server.MinecraftServer/]: Sanity15 is bleeding. Sanity15 was burnt to a crisp whilst fighting Kazuruki
[17Dec2024 01:54:16.218] [Server thread/INFO] [net.minecraft.server.MinecraftServer/]: [Graniter82a: Applied effect Resistance to Kazuruki]
[17Dec2024 01:54:25.543] [Server thread/WARN] [net.minecraft.server.network.ServerGamePacketListenerImpl/]: Kazuruki moved wrongly!
[17Dec2024 01:54:25.592] [Server thread/WARN] [net.minecraft.server.network.ServerGamePacketListenerImpl/]: Kazuruki moved wrongly!
[17Dec2024 01:55:03.208] [Server thread/INFO] [net.minecraft.server.MinecraftServer/]: [Kazuruki: Applied effect Resistance to Graniter82a]
[17Dec2024 01:57:32.312] [Server thread/INFO] [net.minecraft.server.MinecraftServer/]: [Kazuruki: Removed every effect from 3 targets]
[17Dec2024 01:57:36.464] [Server thread/INFO] [net.minecraft.server.MinecraftServer/]: [Graniter82a: Teleported Graniter82a to 71.500000, 102.500000, -5307.500000]
[17Dec2024 01:58:14.504] [Server thread/INFO] [net.minecraft.server.MinecraftServer/]: [Kazuruki: Teleported Kazuruki to 348.500000, -52.500000, -3644.500000]
[17Dec2024 01:58:34.710] [Server thread/INFO] [net.minecraft.server.MinecraftServer/]: [Kazuruki: Gave 54 [Torch] to Kazuruki]
[17Dec2024 01:58:44.615] [Server thread/INFO] [net.minecraft.server.MinecraftServer/]: [Kazuruki: Set own game mode to Creative Mode]
[17Dec2024 01:58:57.021] [Server thread/INFO] [net.minecraft.server.MinecraftServer/]: [Graniter82a: Teleported Graniter82a to Kazuruki]
